[2021-05-04 09:41:48] local.ERROR: No application encryption key has been specified. {"exception":"[object] (Illuminate\\Encryption\\MissingAppKeyException(code: 0): No application encryption key has been specified. at /home/alex/Handigital/Laravel/hotel/siteHotel/vendor/laravel/framework/src/Illuminate/Encryption/EncryptionServiceProvider.php:79)
[stacktrace]
#0 /home/alex/Handigital/Laravel/hotel/siteHotel/vendor/laravel/framework/src/Illuminate/Support/helpers.php(263): Illuminate\\Encryption\\EncryptionServiceProvider->Illuminate\\Encryption\\{closure}()
#1 /home/alex/Handigital/Laravel/hotel/siteHotel/vendor/laravel/framework/src/Illuminate/Encryption/EncryptionServiceProvider.php(81): tap()
#2 /home/alex/Handigital/Laravel/hotel/siteHotel/vendor/laravel/framework/src/Illuminate/Encryption/EncryptionServiceProvider.php(60): Illuminate\\Encryption\\EncryptionServiceProvider->key()
#3 /home/alex/Handigital/Laravel/hotel/siteHotel/vendor/laravel/framework/src/Illuminate/Encryption/EncryptionServiceProvider.php(32): Illuminate\\Encryption\\EncryptionServiceProvider->parseKey()
#4 /home/alex/Handigital/Laravel/hotel/siteHotel/vendor/laravel/framework/src/Illuminate/Container/Container.php(829): Illuminate\\Encryption\\EncryptionServiceProvider->Illuminate\\Encryption\\{closure}()
#5 /home/alex/Handigital/Laravel/hotel/siteHotel/vendor/laravel/framework/src/Illuminate/Container/Container.php(714): Illuminate\\Container\\Container->build()
#6 /home/alex/Handigital/Laravel/hotel/siteHotel/vendor/laravel/framework/src/Illuminate/Foundation/Application.php(841): Illuminate\\Container\\Container->resolve()
#7 /home/alex/Handigital/Laravel/hotel/siteHotel/vendor/laravel/framework/src/Illuminate/Container/Container.php(652): Illuminate\\Foundation\\Application->resolve()
#8 /home/alex/Handigital/Laravel/hotel/siteHotel/vendor/laravel/framework/src/Illuminate/Foundation/Application.php(826): Illuminate\\Container\\Container->make()
#9 /home/alex/Handigital/Laravel/hotel/siteHotel/vendor/laravel/framework/src/Illuminate/Container/Container.php(987): Illuminate\\Foundation\\Application->make()
#10 /home/alex/Handigital/Laravel/hotel/siteHotel/vendor/laravel/framework/src/Illuminate/Container/Container.php(907): Illuminate\\Container\\Container->resolveClass()
#11 /home/alex/Handigital/Laravel/hotel/siteHotel/vendor/laravel/framework/src/Illuminate/Container/Container.php(868): Illuminate\\Container\\Container->resolveDependencies()
#12 /home/alex/Handigital/Laravel/hotel/siteHotel/vendor/laravel/framework/src/Illuminate/Container/Container.php(714): Illuminate\\Container\\Container->build()
#13 /home/alex/Handigital/Laravel/hotel/siteHotel/vendor/laravel/framework/src/Illuminate/Foundation/Application.php(841): Illuminate\\Container\\Container->resolve()
#14 /home/alex/Handigital/Laravel/hotel/siteHotel/vendor/laravel/framework/src/Illuminate/Container/Container.php(652): Illuminate\\Foundation\\Application->resolve()
#15 /home/alex/Handigital/Laravel/hotel/siteHotel/vendor/laravel/framework/src/Illuminate/Foundation/Application.php(826): Illuminate\\Container\\Container->make()
#16 /home/alex/Handigital/Laravel/hotel/siteHotel/vendor/laravel/framework/src/Illuminate/Pipeline/Pipeline.php(156): Illuminate\\Foundation\\Application->make()
#17 /home/alex/Handigital/Laravel/hotel/siteHotel/vendor/laravel/framework/src/Illuminate/Pipeline/Pipeline.php(103): Illuminate\\Pipeline\\Pipeline->Illuminate\\Pipeline\\{closure}()
#18 /home/alex/Handigital/Laravel/hotel/siteHotel/vendor/laravel/framework/src/Illuminate/Routing/Router.php(697): Illuminate\\Pipeline\\Pipeline->then()
#19 /home/alex/Handigital/Laravel/hotel/siteHotel/vendor/laravel/framework/src/Illuminate/Routing/Router.php(672): Illuminate\\Routing\\Router->runRouteWithinStack()
#20 /home/alex/Handigital/Laravel/hotel/siteHotel/vendor/laravel/framework/src/Illuminate/Routing/Router.php(636): Illuminate\\Routing\\Router->runRoute()
#21 /home/alex/Handigital/Laravel/hotel/siteHotel/vendor/laravel/framework/src/Illuminate/Routing/Router.php(625): Illuminate\\Routing\\Router->dispatchToRoute()
#22 /home/alex/Handigital/Laravel/hotel/siteHotel/vendor/laravel/framework/src/Illuminate/Foundation/Http/Kernel.php(166): Illuminate\\Routing\\Router->dispatch()
#23 /home/alex/Handigital/Laravel/hotel/siteHotel/vendor/laravel/framework/src/Illuminate/Pipeline/Pipeline.php(128): Illuminate\\Foundation\\Http\\Kernel->Illuminate\\Foundation\\Http\\{closure}()
#24 /home/alex/Handigital/Laravel/hotel/siteHotel/vendor/laravel/framework/src/Illuminate/Foundation/Http/Middleware/TransformsRequest.php(21): Illuminate\\Pipeline\\Pipeline->Illuminate\\Pipeline\\{closure}()
#25 /home/alex/Handigital/Laravel/hotel/siteHotel/vendor/laravel/framework/src/Illuminate/Foundation/Http/Middleware/ConvertEmptyStringsToNull.php(31): Illuminate\\Foundation\\Http\\Middleware\\TransformsRequest->handle()
#26 /home/alex/Handigital/Laravel/hotel/siteHotel/vendor/laravel/framework/src/Illuminate/Pipeline/Pipeline.php(167): Illuminate\\Foundation\\Http\\Middleware\\ConvertEmptyStringsToNull->handle()
#27 /home/alex/Handigital/Laravel/hotel/siteHotel/vendor/laravel/framework/src/Illuminate/Foundation/Http/Middleware/TransformsRequest.php(21): Illuminate\\Pipeline\\Pipeline->Illuminate\\Pipeline\\{closure}()
#28 /home/alex/Handigital/Laravel/hotel/siteHotel/vendor/laravel/framework/src/Illuminate/Foundation/Http/Middleware/TrimStrings.php(40): Illuminate\\Foundation\\Http\\Middleware\\TransformsRequest->handle()
#29 /home/alex/Handigital/Laravel/hotel/siteHotel/vendor/laravel/framework/src/Illuminate/Pipeline/Pipeline.php(167): Illuminate\\Foundation\\Http\\Middleware\\TrimStrings->handle()
#30 /home/alex/Handigital/Laravel/hotel/siteHotel/vendor/laravel/framework/src/Illuminate/Foundation/Http/Middleware/ValidatePostSize.php(27): Illuminate\\Pipeline\\Pipeline->Illuminate\\Pipeline\\{closure}()
#31 /home/alex/Handigital/Laravel/hotel/siteHotel/vendor/laravel/framework/src/Illuminate/Pipeline/Pipeline.php(167): Illuminate\\Foundation\\Http\\Middleware\\ValidatePostSize->handle()
#32 /home/alex/Handigital/Laravel/hotel/siteHotel/vendor/laravel/framework/src/Illuminate/Foundation/Http/Middleware/PreventRequestsDuringMaintenance.php(86): Illuminate\\Pipeline\\Pipeline->Illuminate\\Pipeline\\{closure}()
#33 /home/alex/Handigital/Laravel/hotel/siteHotel/vendor/laravel/framework/src/Illuminate/Pipeline/Pipeline.php(167): Illuminate\\Foundation\\Http\\Middleware\\PreventRequestsDuringMaintenance->handle()
#34 /home/alex/Handigital/Laravel/hotel/siteHotel/vendor/fruitcake/laravel-cors/src/HandleCors.php(38): Illuminate\\Pipeline\\Pipeline->Illuminate\\Pipeline\\{closure}()
#35 /home/alex/Handigital/Laravel/hotel/siteHotel/vendor/laravel/framework/src/Illuminate/Pipeline/Pipeline.php(167): Fruitcake\\Cors\\HandleCors->handle()
#36 /home/alex/Handigital/Laravel/hotel/siteHotel/vendor/fideloper/proxy/src/TrustProxies.php(57): Illuminate\\Pipeline\\Pipeline->Illuminate\\Pipeline\\{closure}()
#37 /home/alex/Handigital/Laravel/hotel/siteHotel/vendor/laravel/framework/src/Illuminate/Pipeline/Pipeline.php(167): Fideloper\\Proxy\\TrustProxies->handle()
#38 /home/alex/Handigital/Laravel/hotel/siteHotel/vendor/laravel/framework/src/Illuminate/Pipeline/Pipeline.php(103): Illuminate\\Pipeline\\Pipeline->Illuminate\\Pipeline\\{closure}()
#39 /home/alex/Handigital/Laravel/hotel/siteHotel/vendor/laravel/framework/src/Illuminate/Foundation/Http/Kernel.php(141): Illuminate\\Pipeline\\Pipeline->then()
#40 /home/alex/Handigital/Laravel/hotel/siteHotel/vendor/laravel/framework/src/Illuminate/Foundation/Http/Kernel.php(110): Illuminate\\Foundation\\Http\\Kernel->sendRequestThroughRouter()
#41 /home/alex/Handigital/Laravel/hotel/siteHotel/public/index.php(52): Illuminate\\Foundation\\Http\\Kernel->handle()
#42 /home/alex/Handigital/Laravel/hotel/siteHotel/server.php(21): require_once('/home/alex/Hand...')
#43 {main}
"} 
[2021-05-04 09:41:48] local.ERROR: No application encryption key has been specified. {"exception":"[object] (Illuminate\\Encryption\\MissingAppKeyException(code: 0): No application encryption key has been specified. at /home/alex/Handigital/Laravel/hotel/siteHotel/vendor/laravel/framework/src/Illuminate/Encryption/EncryptionServiceProvider.php:79)
[stacktrace]
#0 /home/alex/Handigital/Laravel/hotel/siteHotel/vendor/laravel/framework/src/Illuminate/Support/helpers.php(263): Illuminate\\Encryption\\EncryptionServiceProvider->Illuminate\\Encryption\\{closure}()
#1 /home/alex/Handigital/Laravel/hotel/siteHotel/vendor/laravel/framework/src/Illuminate/Encryption/EncryptionServiceProvider.php(81): tap()
#2 /home/alex/Handigital/Laravel/hotel/siteHotel/vendor/laravel/framework/src/Illuminate/Encryption/EncryptionServiceProvider.php(60): Illuminate\\Encryption\\EncryptionServiceProvider->key()
#3 /home/alex/Handigital/Laravel/hotel/siteHotel/vendor/laravel/framework/src/Illuminate/Encryption/EncryptionServiceProvider.php(32): Illuminate\\Encryption\\EncryptionServiceProvider->parseKey()
#4 /home/alex/Handigital/Laravel/hotel/siteHotel/vendor/laravel/framework/src/Illuminate/Container/Container.php(829): Illuminate\\Encryption\\EncryptionServiceProvider->Illuminate\\Encryption\\{closure}()
#5 /home/alex/Handigital/Laravel/hotel/siteHotel/vendor/laravel/framework/src/Illuminate/Container/Container.php(714): Illuminate\\Container\\Container->build()
#6 /home/alex/Handigital/Laravel/hotel/siteHotel/vendor/laravel/framework/src/Illuminate/Foundation/Application.php(841): Illuminate\\Container\\Container->resolve()
#7 /home/alex/Handigital/Laravel/hotel/siteHotel/vendor/laravel/framework/src/Illuminate/Container/Container.php(652): Illuminate\\Foundation\\Application->resolve()
#8 /home/alex/Handigital/Laravel/hotel/siteHotel/vendor/laravel/framework/src/Illuminate/Foundation/Application.php(826): Illuminate\\Container\\Container->make()
#9 /home/alex/Handigital/Laravel/hotel/siteHotel/vendor/laravel/framework/src/Illuminate/Container/Container.php(987): Illuminate\\Foundation\\Application->make()
#10 /home/alex/Handigital/Laravel/hotel/siteHotel/vendor/laravel/framework/src/Illuminate/Container/Container.php(907): Illuminate\\Container\\Container->resolveClass()
#11 /home/alex/Handigital/Laravel/hotel/siteHotel/vendor/laravel/framework/src/Illuminate/Container/Container.php(868): Illuminate\\Container\\Container->resolveDependencies()
#12 /home/alex/Handigital/Laravel/hotel/siteHotel/vendor/laravel/framework/src/Illuminate/Container/Container.php(714): Illuminate\\Container\\Container->build()
#13 /home/alex/Handigital/Laravel/hotel/siteHotel/vendor/laravel/framework/src/Illuminate/Foundation/Application.php(841): Illuminate\\Container\\Container->resolve()
#14 /home/alex/Handigital/Laravel/hotel/siteHotel/vendor/laravel/framework/src/Illuminate/Container/Container.php(652): Illuminate\\Foundation\\Application->resolve()
#15 /home/alex/Handigital/Laravel/hotel/siteHotel/vendor/laravel/framework/src/Illuminate/Foundation/Application.php(826): Illuminate\\Container\\Container->make()
#16 /home/alex/Handigital/Laravel/hotel/siteHotel/vendor/laravel/framework/src/Illuminate/Foundation/Http/Kernel.php(205): Illuminate\\Foundation\\Application->make()
#17 /home/alex/Handigital/Laravel/hotel/siteHotel/vendor/laravel/framework/src/Illuminate/Foundation/Http/Kernel.php(179): Illuminate\\Foundation\\Http\\Kernel->terminateMiddleware()
#18 /home/alex/Handigital/Laravel/hotel/siteHotel/public/index.php(55): Illuminate\\Foundation\\Http\\Kernel->terminate()
#19 /home/alex/Handigital/Laravel/hotel/siteHotel/server.php(21): require_once('/home/alex/Hand...')
#20 {main}
"} 
[2021-05-04 10:32:25] local.ERROR: The "-f" option does not exist. {"exception":"[object] (Symfony\\Component\\Console\\Exception\\RuntimeException(code: 0): The \"-f\" option does not exist. at /home/alex/Handigital/Laravel/hotel/siteHotel/vendor/symfony/console/Input/ArgvInput.php:198)
[stacktrace]
#0 /home/alex/Handigital/Laravel/hotel/siteHotel/vendor/symfony/console/Input/ArgvInput.php(100): Symfony\\Component\\Console\\Input\\ArgvInput->addShortOption()
#1 /home/alex/Handigital/Laravel/hotel/siteHotel/vendor/symfony/console/Input/ArgvInput.php(78): Symfony\\Component\\Console\\Input\\ArgvInput->parseShortOption()
#2 /home/alex/Handigital/Laravel/hotel/siteHotel/vendor/symfony/console/Input/Input.php(55): Symfony\\Component\\Console\\Input\\ArgvInput->parse()
#3 /home/alex/Handigital/Laravel/hotel/siteHotel/vendor/symfony/console/Command/Command.php(215): Symfony\\Component\\Console\\Input\\Input->bind()
#4 /home/alex/Handigital/Laravel/hotel/siteHotel/vendor/laravel/framework/src/Illuminate/Console/Command.php(121): Symfony\\Component\\Console\\Command\\Command->run()
#5 /home/alex/Handigital/Laravel/hotel/siteHotel/vendor/symfony/console/Application.php(971): Illuminate\\Console\\Command->run()
#6 /home/alex/Handigital/Laravel/hotel/siteHotel/vendor/symfony/console/Application.php(290): Symfony\\Component\\Console\\Application->doRunCommand()
#7 /home/alex/Handigital/Laravel/hotel/siteHotel/vendor/symfony/console/Application.php(166): Symfony\\Component\\Console\\Application->doRun()
#8 /home/alex/Handigital/Laravel/hotel/siteHotel/vendor/laravel/framework/src/Illuminate/Console/Application.php(92): Symfony\\Component\\Console\\Application->run()
#9 /home/alex/Handigital/Laravel/hotel/siteHotel/vendor/laravel/framework/src/Illuminate/Foundation/Console/Kernel.php(129): Illuminate\\Console\\Application->run()
#10 /home/alex/Handigital/Laravel/hotel/siteHotel/artisan(37): Illuminate\\Foundation\\Console\\Kernel->handle()
#11 {main}
"} 
[2021-05-04 12:05:27] local.ERROR: Class 'App\Models\Recipe' not found {"exception":"[object] (Error(code: 0): Class 'App\\Models\\Recipe' not found at /home/alex/Handigital/Laravel/hotel/siteHotel/vendor/laravel/framework/src/Illuminate/Database/Eloquent/Concerns/HasRelationships.php:745)
[stacktrace]
#0 /home/alex/Handigital/Laravel/hotel/siteHotel/vendor/laravel/framework/src/Illuminate/Database/Eloquent/Concerns/HasRelationships.php(202): Illuminate\\Database\\Eloquent\\Model->newRelatedInstance()
#1 /home/alex/Handigital/Laravel/hotel/siteHotel/app/Models/Reservation.php(18): Illuminate\\Database\\Eloquent\\Model->belongsTo()
#2 /home/alex/Handigital/Laravel/hotel/siteHotel/vendor/laravel/framework/src/Illuminate/Database/Eloquent/Factories/Relationship.php(47): App\\Models\\Reservation->user()
#3 /home/alex/Handigital/Laravel/hotel/siteHotel/vendor/laravel/framework/src/Illuminate/Database/Eloquent/Factories/Factory.php(291): Illuminate\\Database\\Eloquent\\Factories\\Relationship->createFor()
#4 /home/alex/Handigital/Laravel/hotel/siteHotel/vendor/laravel/framework/src/Illuminate/Collections/Traits/EnumeratesValues.php(234): Illuminate\\Database\\Eloquent\\Factories\\Factory->Illuminate\\Database\\Eloquent\\Factories\\{closure}()
#5 /home/alex/Handigital/Laravel/hotel/siteHotel/vendor/laravel/framework/src/Illuminate/Database/Eloquent/Factories/Factory.php(292): Illuminate\\Support\\Collection->each()
#6 /home/alex/Handigital/Laravel/hotel/siteHotel/vendor/laravel/framework/src/Illuminate/Database/Eloquent/Concerns/GuardsAttributes.php(151): Illuminate\\Database\\Eloquent\\Factories\\Factory->Illuminate\\Database\\Eloquent\\Factories\\{closure}()
#7 /home/alex/Handigital/Laravel/hotel/siteHotel/vendor/laravel/framework/src/Illuminate/Database/Eloquent/Factories/Factory.php(293): Illuminate\\Database\\Eloquent\\Model::unguarded()
#8 /home/alex/Handigital/Laravel/hotel/siteHotel/vendor/laravel/framework/src/Illuminate/Database/Eloquent/Factories/Factory.php(277): Illuminate\\Database\\Eloquent\\Factories\\Factory->createChildren()
#9 /home/alex/Handigital/Laravel/hotel/siteHotel/vendor/laravel/framework/src/Illuminate/Collections/Traits/EnumeratesValues.php(234): Illuminate\\Database\\Eloquent\\Factories\\Factory->Illuminate\\Database\\Eloquent\\Factories\\{closure}()
#10 /home/alex/Handigital/Laravel/hotel/siteHotel/vendor/laravel/framework/src/Illuminate/Database/Eloquent/Factories/Factory.php(278): Illuminate\\Support\\Collection->each()
#11 /home/alex/Handigital/Laravel/hotel/siteHotel/vendor/laravel/framework/src/Illuminate/Database/Eloquent/Factories/Factory.php(240): Illuminate\\Database\\Eloquent\\Factories\\Factory->store()
#12 /home/alex/Handigital/Laravel/hotel/siteHotel/database/seeders/DatabaseSeeder.php(20): Illuminate\\Database\\Eloquent\\Factories\\Factory->create()
#13 /home/alex/Handigital/Laravel/hotel/siteHotel/vendor/laravel/framework/src/Illuminate/Container/BoundMethod.php(36): Database\\Seeders\\DatabaseSeeder->run()
#14 /home/alex/Handigital/Laravel/hotel/siteHotel/vendor/laravel/framework/src/Illuminate/Container/Util.php(40): Illuminate\\Container\\BoundMethod::Illuminate\\Container\\{closure}()
#15 /home/alex/Handigital/Laravel/hotel/siteHotel/vendor/laravel/framework/src/Illuminate/Container/BoundMethod.php(93): Illuminate\\Container\\Util::unwrapIfClosure()
#16 /home/alex/Handigital/Laravel/hotel/siteHotel/vendor/laravel/framework/src/Illuminate/Container/BoundMethod.php(37): Illuminate\\Container\\BoundMethod::callBoundMethod()
#17 /home/alex/Handigital/Laravel/hotel/siteHotel/vendor/laravel/framework/src/Illuminate/Container/Container.php(611): Illuminate\\Container\\BoundMethod::call()
#18 /home/alex/Handigital/Laravel/hotel/siteHotel/vendor/laravel/framework/src/Illuminate/Database/Seeder.php(149): Illuminate\\Container\\Container->call()
#19 /home/alex/Handigital/Laravel/hotel/siteHotel/vendor/laravel/framework/src/Illuminate/Database/Console/Seeds/SeedCommand.php(66): Illuminate\\Database\\Seeder->__invoke()
#20 /home/alex/Handigital/Laravel/hotel/siteHotel/vendor/laravel/framework/src/Illuminate/Database/Eloquent/Concerns/GuardsAttributes.php(157): Illuminate\\Database\\Console\\Seeds\\SeedCommand->Illuminate\\Database\\Console\\Seeds\\{closure}()
#21 /home/alex/Handigital/Laravel/hotel/siteHotel/vendor/laravel/framework/src/Illuminate/Database/Console/Seeds/SeedCommand.php(67): Illuminate\\Database\\Eloquent\\Model::unguarded()
#22 /home/alex/Handigital/Laravel/hotel/siteHotel/vendor/laravel/framework/src/Illuminate/Container/BoundMethod.php(36): Illuminate\\Database\\Console\\Seeds\\SeedCommand->handle()
#23 /home/alex/Handigital/Laravel/hotel/siteHotel/vendor/laravel/framework/src/Illuminate/Container/Util.php(40): Illuminate\\Container\\BoundMethod::Illuminate\\Container\\{closure}()
#24 /home/alex/Handigital/Laravel/hotel/siteHotel/vendor/laravel/framework/src/Illuminate/Container/BoundMethod.php(93): Illuminate\\Container\\Util::unwrapIfClosure()
#25 /home/alex/Handigital/Laravel/hotel/siteHotel/vendor/laravel/framework/src/Illuminate/Container/BoundMethod.php(37): Illuminate\\Container\\BoundMethod::callBoundMethod()
#26 /home/alex/Handigital/Laravel/hotel/siteHotel/vendor/laravel/framework/src/Illuminate/Container/Container.php(611): Illuminate\\Container\\BoundMethod::call()
#27 /home/alex/Handigital/Laravel/hotel/siteHotel/vendor/laravel/framework/src/Illuminate/Console/Command.php(136): Illuminate\\Container\\Container->call()
#28 /home/alex/Handigital/Laravel/hotel/siteHotel/vendor/symfony/console/Command/Command.php(256): Illuminate\\Console\\Command->execute()
#29 /home/alex/Handigital/Laravel/hotel/siteHotel/vendor/laravel/framework/src/Illuminate/Console/Command.php(121): Symfony\\Component\\Console\\Command\\Command->run()
#30 /home/alex/Handigital/Laravel/hotel/siteHotel/vendor/laravel/framework/src/Illuminate/Console/Concerns/CallsCommands.php(68): Illuminate\\Console\\Command->run()
#31 /home/alex/Handigital/Laravel/hotel/siteHotel/vendor/laravel/framework/src/Illuminate/Console/Concerns/CallsCommands.php(28): Illuminate\\Console\\Command->runCommand()
#32 /home/alex/Handigital/Laravel/hotel/siteHotel/vendor/laravel/framework/src/Illuminate/Database/Console/Migrations/FreshCommand.php(90): Illuminate\\Console\\Command->call()
#33 /home/alex/Handigital/Laravel/hotel/siteHotel/vendor/laravel/framework/src/Illuminate/Database/Console/Migrations/FreshCommand.php(65): Illuminate\\Database\\Console\\Migrations\\FreshCommand->runSeeder()
#34 /home/alex/Handigital/Laravel/hotel/siteHotel/vendor/laravel/framework/src/Illuminate/Container/BoundMethod.php(36): Illuminate\\Database\\Console\\Migrations\\FreshCommand->handle()
#35 /home/alex/Handigital/Laravel/hotel/siteHotel/vendor/laravel/framework/src/Illuminate/Container/Util.php(40): Illuminate\\Container\\BoundMethod::Illuminate\\Container\\{closure}()
#36 /home/alex/Handigital/Laravel/hotel/siteHotel/vendor/laravel/framework/src/Illuminate/Container/BoundMethod.php(93): Illuminate\\Container\\Util::unwrapIfClosure()
#37 /home/alex/Handigital/Laravel/hotel/siteHotel/vendor/laravel/framework/src/Illuminate/Container/BoundMethod.php(37): Illuminate\\Container\\BoundMethod::callBoundMethod()
#38 /home/alex/Handigital/Laravel/hotel/siteHotel/vendor/laravel/framework/src/Illuminate/Container/Container.php(611): Illuminate\\Container\\BoundMethod::call()
#39 /home/alex/Handigital/Laravel/hotel/siteHotel/vendor/laravel/framework/src/Illuminate/Console/Command.php(136): Illuminate\\Container\\Container->call()
#40 /home/alex/Handigital/Laravel/hotel/siteHotel/vendor/symfony/console/Command/Command.php(256): Illuminate\\Console\\Command->execute()
#41 /home/alex/Handigital/Laravel/hotel/siteHotel/vendor/laravel/framework/src/Illuminate/Console/Command.php(121): Symfony\\Component\\Console\\Command\\Command->run()
#42 /home/alex/Handigital/Laravel/hotel/siteHotel/vendor/symfony/console/Application.php(971): Illuminate\\Console\\Command->run()
#43 /home/alex/Handigital/Laravel/hotel/siteHotel/vendor/symfony/console/Application.php(290): Symfony\\Component\\Console\\Application->doRunCommand()
#44 /home/alex/Handigital/Laravel/hotel/siteHotel/vendor/symfony/console/Application.php(166): Symfony\\Component\\Console\\Application->doRun()
#45 /home/alex/Handigital/Laravel/hotel/siteHotel/vendor/laravel/framework/src/Illuminate/Console/Application.php(92): Symfony\\Component\\Console\\Application->run()
#46 /home/alex/Handigital/Laravel/hotel/siteHotel/vendor/laravel/framework/src/Illuminate/Foundation/Console/Kernel.php(129): Illuminate\\Console\\Application->run()
#47 /home/alex/Handigital/Laravel/hotel/siteHotel/artisan(37): Illuminate\\Foundation\\Console\\Kernel->handle()
#48 {main}
"} 
[2021-05-04 13:11:05] local.ERROR: Start date must be anterior to end date. {"exception":"[object] (InvalidArgumentException(code: 0): Start date must be anterior to end date. at /home/alex/Handigital/Laravel/hotel/siteHotel/vendor/fakerphp/faker/src/Faker/Provider/DateTime.php:152)
[stacktrace]
#0 [internal function]: Faker\\Provider\\DateTime::dateTimeBetween()
#1 /home/alex/Handigital/Laravel/hotel/siteHotel/vendor/fakerphp/faker/src/Faker/Generator.php(278): call_user_func_array()
#2 /home/alex/Handigital/Laravel/hotel/siteHotel/vendor/fakerphp/faker/src/Faker/Generator.php(506): Faker\\Generator->format()
#3 /home/alex/Handigital/Laravel/hotel/siteHotel/database/factories/ReservationFactory.php(25): Faker\\Generator->__call()
#4 /home/alex/Handigital/Laravel/hotel/siteHotel/vendor/laravel/framework/src/Illuminate/Database/Eloquent/Factories/Factory.php(385): Database\\Factories\\ReservationFactory->definition()
#5 /home/alex/Handigital/Laravel/hotel/siteHotel/vendor/laravel/framework/src/Illuminate/Database/Eloquent/Factories/Factory.php(364): Illuminate\\Database\\Eloquent\\Factories\\Factory->getRawAttributes()
#6 /home/alex/Handigital/Laravel/hotel/siteHotel/vendor/laravel/framework/src/Illuminate/Database/Eloquent/Factories/Factory.php(348): Illuminate\\Database\\Eloquent\\Factories\\Factory->getExpandedAttributes()
#7 /home/alex/Handigital/Laravel/hotel/siteHotel/vendor/laravel/framework/src/Illuminate/Database/Eloquent/Concerns/GuardsAttributes.php(151): Illuminate\\Database\\Eloquent\\Factories\\Factory->Illuminate\\Database\\Eloquent\\Factories\\{closure}()
#8 /home/alex/Handigital/Laravel/hotel/siteHotel/vendor/laravel/framework/src/Illuminate/Database/Eloquent/Factories/Factory.php(353): Illuminate\\Database\\Eloquent\\Model::unguarded()
#9 /home/alex/Handigital/Laravel/hotel/siteHotel/vendor/laravel/framework/src/Illuminate/Database/Eloquent/Factories/Factory.php(331): Illuminate\\Database\\Eloquent\\Factories\\Factory->makeInstance()
#10 [internal function]: Illuminate\\Database\\Eloquent\\Factories\\Factory->Illuminate\\Database\\Eloquent\\Factories\\{closure}()
#11 /home/alex/Handigital/Laravel/hotel/siteHotel/vendor/laravel/framework/src/Illuminate/Database/Eloquent/Factories/Factory.php(332): array_map()
#12 /home/alex/Handigital/Laravel/hotel/siteHotel/vendor/laravel/framework/src/Illuminate/Database/Eloquent/Factories/Factory.php(233): Illuminate\\Database\\Eloquent\\Factories\\Factory->make()
#13 /home/alex/Handigital/Laravel/hotel/siteHotel/database/seeders/DatabaseSeeder.php(20): Illuminate\\Database\\Eloquent\\Factories\\Factory->create()
#14 /home/alex/Handigital/Laravel/hotel/siteHotel/vendor/laravel/framework/src/Illuminate/Container/BoundMethod.php(36): Database\\Seeders\\DatabaseSeeder->run()
#15 /home/alex/Handigital/Laravel/hotel/siteHotel/vendor/laravel/framework/src/Illuminate/Container/Util.php(40): Illuminate\\Container\\BoundMethod::Illuminate\\Container\\{closure}()
#16 /home/alex/Handigital/Laravel/hotel/siteHotel/vendor/laravel/framework/src/Illuminate/Container/BoundMethod.php(93): Illuminate\\Container\\Util::unwrapIfClosure()
#17 /home/alex/Handigital/Laravel/hotel/siteHotel/vendor/laravel/framework/src/Illuminate/Container/BoundMethod.php(37): Illuminate\\Container\\BoundMethod::callBoundMethod()
#18 /home/alex/Handigital/Laravel/hotel/siteHotel/vendor/laravel/framework/src/Illuminate/Container/Container.php(611): Illuminate\\Container\\BoundMethod::call()
#19 /home/alex/Handigital/Laravel/hotel/siteHotel/vendor/laravel/framework/src/Illuminate/Database/Seeder.php(149): Illuminate\\Container\\Container->call()
#20 /home/alex/Handigital/Laravel/hotel/siteHotel/vendor/laravel/framework/src/Illuminate/Database/Console/Seeds/SeedCommand.php(66): Illuminate\\Database\\Seeder->__invoke()
#21 /home/alex/Handigital/Laravel/hotel/siteHotel/vendor/laravel/framework/src/Illuminate/Database/Eloquent/Concerns/GuardsAttributes.php(157): Illuminate\\Database\\Console\\Seeds\\SeedCommand->Illuminate\\Database\\Console\\Seeds\\{closure}()
#22 /home/alex/Handigital/Laravel/hotel/siteHotel/vendor/laravel/framework/src/Illuminate/Database/Console/Seeds/SeedCommand.php(67): Illuminate\\Database\\Eloquent\\Model::unguarded()
#23 /home/alex/Handigital/Laravel/hotel/siteHotel/vendor/laravel/framework/src/Illuminate/Container/BoundMethod.php(36): Illuminate\\Database\\Console\\Seeds\\SeedCommand->handle()
#24 /home/alex/Handigital/Laravel/hotel/siteHotel/vendor/laravel/framework/src/Illuminate/Container/Util.php(40): Illuminate\\Container\\BoundMethod::Illuminate\\Container\\{closure}()
#25 /home/alex/Handigital/Laravel/hotel/siteHotel/vendor/laravel/framework/src/Illuminate/Container/BoundMethod.php(93): Illuminate\\Container\\Util::unwrapIfClosure()
#26 /home/alex/Handigital/Laravel/hotel/siteHotel/vendor/laravel/framework/src/Illuminate/Container/BoundMethod.php(37): Illuminate\\Container\\BoundMethod::callBoundMethod()
#27 /home/alex/Handigital/Laravel/hotel/siteHotel/vendor/laravel/framework/src/Illuminate/Container/Container.php(611): Illuminate\\Container\\BoundMethod::call()
#28 /home/alex/Handigital/Laravel/hotel/siteHotel/vendor/laravel/framework/src/Illuminate/Console/Command.php(136): Illuminate\\Container\\Container->call()
#29 /home/alex/Handigital/Laravel/hotel/siteHotel/vendor/symfony/console/Command/Command.php(256): Illuminate\\Console\\Command->execute()
#30 /home/alex/Handigital/Laravel/hotel/siteHotel/vendor/laravel/framework/src/Illuminate/Console/Command.php(121): Symfony\\Component\\Console\\Command\\Command->run()
#31 /home/alex/Handigital/Laravel/hotel/siteHotel/vendor/laravel/framework/src/Illuminate/Console/Concerns/CallsCommands.php(68): Illuminate\\Console\\Command->run()
#32 /home/alex/Handigital/Laravel/hotel/siteHotel/vendor/laravel/framework/src/Illuminate/Console/Concerns/CallsCommands.php(28): Illuminate\\Console\\Command->runCommand()
#33 /home/alex/Handigital/Laravel/hotel/siteHotel/vendor/laravel/framework/src/Illuminate/Database/Console/Migrations/FreshCommand.php(90): Illuminate\\Console\\Command->call()
#34 /home/alex/Handigital/Laravel/hotel/siteHotel/vendor/laravel/framework/src/Illuminate/Database/Console/Migrations/FreshCommand.php(65): Illuminate\\Database\\Console\\Migrations\\FreshCommand->runSeeder()
#35 /home/alex/Handigital/Laravel/hotel/siteHotel/vendor/laravel/framework/src/Illuminate/Container/BoundMethod.php(36): Illuminate\\Database\\Console\\Migrations\\FreshCommand->handle()
#36 /home/alex/Handigital/Laravel/hotel/siteHotel/vendor/laravel/framework/src/Illuminate/Container/Util.php(40): Illuminate\\Container\\BoundMethod::Illuminate\\Container\\{closure}()
#37 /home/alex/Handigital/Laravel/hotel/siteHotel/vendor/laravel/framework/src/Illuminate/Container/BoundMethod.php(93): Illuminate\\Container\\Util::unwrapIfClosure()
#38 /home/alex/Handigital/Laravel/hotel/siteHotel/vendor/laravel/framework/src/Illuminate/Container/BoundMethod.php(37): Illuminate\\Container\\BoundMethod::callBoundMethod()
#39 /home/alex/Handigital/Laravel/hotel/siteHotel/vendor/laravel/framework/src/Illuminate/Container/Container.php(611): Illuminate\\Container\\BoundMethod::call()
#40 /home/alex/Handigital/Laravel/hotel/siteHotel/vendor/laravel/framework/src/Illuminate/Console/Command.php(136): Illuminate\\Container\\Container->call()
#41 /home/alex/Handigital/Laravel/hotel/siteHotel/vendor/symfony/console/Command/Command.php(256): Illuminate\\Console\\Command->execute()
#42 /home/alex/Handigital/Laravel/hotel/siteHotel/vendor/laravel/framework/src/Illuminate/Console/Command.php(121): Symfony\\Component\\Console\\Command\\Command->run()
#43 /home/alex/Handigital/Laravel/hotel/siteHotel/vendor/symfony/console/Application.php(971): Illuminate\\Console\\Command->run()
#44 /home/alex/Handigital/Laravel/hotel/siteHotel/vendor/symfony/console/Application.php(290): Symfony\\Component\\Console\\Application->doRunCommand()
#45 /home/alex/Handigital/Laravel/hotel/siteHotel/vendor/symfony/console/Application.php(166): Symfony\\Component\\Console\\Application->doRun()
#46 /home/alex/Handigital/Laravel/hotel/siteHotel/vendor/laravel/framework/src/Illuminate/Console/Application.php(92): Symfony\\Component\\Console\\Application->run()
#47 /home/alex/Handigital/Laravel/hotel/siteHotel/vendor/laravel/framework/src/Illuminate/Foundation/Console/Kernel.php(129): Illuminate\\Console\\Application->run()
#48 /home/alex/Handigital/Laravel/hotel/siteHotel/artisan(37): Illuminate\\Foundation\\Console\\Kernel->handle()
#49 {main}
"} 
